<?xml version="1.0" encoding="UTF-8"?>
<testng-results skipped="0" failed="0" total="6" passed="6">
  <reporter-output>
  </reporter-output>
  <suite name="Default suite" duration-ms="50204" started-at="2015-10-19T09:52:52Z" finished-at="2015-10-19T09:53:42Z">
    <groups>
    </groups>
    <test name="Default test" duration-ms="50204" started-at="2015-10-19T09:52:52Z" finished-at="2015-10-19T09:53:42Z">
      <class name="com.example.tests.ContactCreationTests">
        <test-method status="PASS" signature="setUp()[pri:0, instance:com.example.tests.ContactCreationTests@6de728]" name="setUp" is-config="true" duration-ms="9587" started-at="2015-10-19T12:52:52Z" finished-at="2015-10-19T12:53:01Z">
          <reporter-output>
          </reporter-output>
        </test-method> <!-- setUp -->
        <test-method status="PASS" signature="testEmptyContactCreation()[pri:0, instance:com.example.tests.ContactCreationTests@6de728]" name="testEmptyContactCreation" duration-ms="4810" started-at="2015-10-19T12:53:25Z" finished-at="2015-10-19T12:53:30Z">
          <reporter-output>
          </reporter-output>
        </test-method> <!-- testEmptyContactCreation -->
        <test-method status="PASS" signature="testNonEmptyContactCreation()[pri:0, instance:com.example.tests.ContactCreationTests@6de728]" name="testNonEmptyContactCreation" duration-ms="5310" started-at="2015-10-19T12:53:30Z" finished-at="2015-10-19T12:53:35Z">
          <reporter-output>
          </reporter-output>
        </test-method> <!-- testNonEmptyContactCreation -->
        <test-method status="PASS" signature="tearDown()[pri:0, instance:com.example.tests.ContactCreationTests@6de728]" name="tearDown" is-config="true" duration-ms="724" started-at="2015-10-19T12:53:41Z" finished-at="2015-10-19T12:53:42Z">
          <reporter-output>
          </reporter-output>
        </test-method> <!-- tearDown -->
      </class> <!-- com.example.tests.ContactCreationTests -->
      <class name="com.example.tests.AlsoGroupCreationTests">
        <test-method status="PASS" signature="setUp()[pri:0, instance:com.example.tests.AlsoGroupCreationTests@1e7a66b]" name="setUp" is-config="true" duration-ms="11248" started-at="2015-10-19T12:53:01Z" finished-at="2015-10-19T12:53:13Z">
          <reporter-output>
          </reporter-output>
        </test-method> <!-- setUp -->
        <test-method status="PASS" signature="testEmptyGroupCreation()[pri:0, instance:com.example.tests.AlsoGroupCreationTests@1e7a66b]" name="testEmptyGroupCreation" duration-ms="5924" started-at="2015-10-19T12:53:13Z" finished-at="2015-10-19T12:53:19Z">
          <reporter-output>
          </reporter-output>
        </test-method> <!-- testEmptyGroupCreation -->
        <test-method status="PASS" signature="testNonEmptyGroupCreation()[pri:0, instance:com.example.tests.AlsoGroupCreationTests@1e7a66b]" name="testNonEmptyGroupCreation" duration-ms="3711" started-at="2015-10-19T12:53:19Z" finished-at="2015-10-19T12:53:22Z">
          <reporter-output>
          </reporter-output>
        </test-method> <!-- testNonEmptyGroupCreation -->
        <test-method status="PASS" signature="tearDown()[pri:0, instance:com.example.tests.AlsoGroupCreationTests@1e7a66b]" name="tearDown" is-config="true" duration-ms="2491" started-at="2015-10-19T12:53:22Z" finished-at="2015-10-19T12:53:25Z">
          <reporter-output>
          </reporter-output>
        </test-method> <!-- tearDown -->
      </class> <!-- com.example.tests.AlsoGroupCreationTests -->
      <class name="com.example.tests.GroupCreationTests">
        <test-method status="PASS" signature="testEmptyGroupCreation()[pri:0, instance:com.example.tests.GroupCreationTests@1a92922]" name="testEmptyGroupCreation" duration-ms="3183" started-at="2015-10-19T12:53:35Z" finished-at="2015-10-19T12:53:38Z">
          <reporter-output>
          </reporter-output>
        </test-method> <!-- testEmptyGroupCreation -->
        <test-method status="PASS" signature="testNonEmptyGroupCreation()[pri:0, instance:com.example.tests.GroupCreationTests@1a92922]" name="testNonEmptyGroupCreation" duration-ms="3130" started-at="2015-10-19T12:53:38Z" finished-at="2015-10-19T12:53:41Z">
          <reporter-output>
          </reporter-output>
        </test-method> <!-- testNonEmptyGroupCreation -->
      </class> <!-- com.example.tests.GroupCreationTests -->
    </test> <!-- Default test -->
  </suite> <!-- Default suite -->
</testng-results>
