<?xml version="1.0" encoding="UTF-8"?>
<!-- Generated by org.testng.reporters.JUnitXMLReporter -->
<testsuite hostname="Юрий-HP" name="Default test" tests="6" failures="0" timestamp="19 Oct 2015 09:53:42 GMT" time="50.204" errors="0">
  <testcase name="testEmptyGroupCreation" time="5.924" classname="com.example.tests.AlsoGroupCreationTests"/>
  <testcase name="testNonEmptyGroupCreation" time="3.711" classname="com.example.tests.AlsoGroupCreationTests"/>
  <testcase name="testEmptyContactCreation" time="4.81" classname="com.example.tests.ContactCreationTests"/>
  <testcase name="testNonEmptyContactCreation" time="5.31" classname="com.example.tests.ContactCreationTests"/>
  <testcase name="testEmptyGroupCreation" time="3.183" classname="com.example.tests.GroupCreationTests"/>
  <testcase name="testNonEmptyGroupCreation" time="3.13" classname="com.example.tests.GroupCreationTests"/>
</testsuite> <!-- Default test -->
