<?xml version="1.0" encoding="UTF-8"?>
<!-- Generated by org.testng.reporters.JUnitXMLReporter -->
<testsuite hostname="Юрий-HP" name="Default test" tests="17" failures="0" timestamp="7 Nov 2015 11:11:26 GMT" time="82.874" errors="0">
  <testcase name="deleteSomeContact" time="5.869" classname="com.example.tests.ContactRemovalTests"/>
  <testcase name="testGroupCreationWithValidData" time="3.304" classname="com.example.tests.GroupCreationTests"/>
  <testcase name="testGroupCreationWithValidData" time="2.196" classname="com.example.tests.GroupCreationTests"/>
  <testcase name="testGroupCreationWithValidData" time="1.888" classname="com.example.tests.GroupCreationTests"/>
  <testcase name="testGroupCreationWithValidData" time="1.875" classname="com.example.tests.GroupCreationTests"/>
  <testcase name="testGroupCreationWithValidData" time="2.186" classname="com.example.tests.GroupCreationTests"/>
  <testcase name="modifySomeGroup" time="2.102" classname="com.example.tests.GroupModificationTests"/>
  <testcase name="modifySomeGroup" time="1.954" classname="com.example.tests.GroupModificationTests"/>
  <testcase name="modifySomeGroup" time="2.28" classname="com.example.tests.GroupModificationTests"/>
  <testcase name="modifySomeGroup" time="2.162" classname="com.example.tests.GroupModificationTests"/>
  <testcase name="modifySomeGroup" time="2.118" classname="com.example.tests.GroupModificationTests"/>
  <testcase name="testEmptyContactCreation" time="2.867" classname="com.example.tests.ContactCreationTests"/>
  <testcase name="testNonEmptyContactCreation" time="3.022" classname="com.example.tests.ContactCreationTests"/>
  <testcase name="testEmptyGroupCreation" time="2.004" classname="com.example.tests.AlsoGroupCreationTests"/>
  <testcase name="testNonEmptyGroupCreation" time="2.137" classname="com.example.tests.AlsoGroupCreationTests"/>
  <testcase name="modifySomeContact" time="2.196" classname="com.example.tests.ContactModificationTests"/>
  <testcase name="deleteSomeGroup" time="1.499" classname="com.example.tests.GroupRemovalTests"/>
</testsuite> <!-- Default test -->
